Mplus VERSION 8.11 (Mac)
MUTHEN & MUTHEN
05/01/2025   7:40 PM

INPUT INSTRUCTIONS

  TITLE:
  3-Class LCA for Belonging Variables
  DATA:
  FILE = "/Users/brucecarter/Library/CloudStorage/Box-Box/Belonging-S&D/enum/belonging.dat";

  VARIABLE:
  NAMES = SSAF2R SSAF4R SSAF7 SSAF11 AUS3 AUS2R AUS5 AUS6R;
   MISSING=.;
   categorical = SSAF2R SSAF4R SSAF7 SSAF11 AUS3 AUS2R AUS5 AUS6R;
  usevar = SSAF2R SSAF4R SSAF7 SSAF11 AUS3 AUS2R AUS5 AUS6R;
  missing = all(999);
  classes = c(3);
  ANALYSIS:

        estimator = mlr;
        type = mixture;
        starts = 1000 100;
        processors = 10;
  OUTPUT:
  sampstat; residual; tech11; tech14;
  PLOT:

        type = plot3;
        series = SSAF2R SSAF4R SSAF7 SSAF11 AUS3 AUS2R AUS5 AUS6R(*);



*** WARNING in OUTPUT command
  SAMPSTAT option is not available when all outcomes are censored, ordered
  categorical, unordered categorical (nominal), count or continuous-time
  survival variables.  Request for SAMPSTAT is ignored.
   1 WARNING(S) FOUND IN THE INPUT INSTRUCTIONS




3-Class LCA for Belonging Variables

SUMMARY OF ANALYSIS

Number of groups                                                 1
Number of observations                                         837

Number of dependent variables                                    8
Number of independent variables                                  0
Number of continuous latent variables                            0
Number of categorical latent variables                           1

Observed dependent variables

  Binary and ordered categorical (ordinal)
   SSAF2R      SSAF4R      SSAF7       SSAF11      AUS3        AUS2R
   AUS5        AUS6R

Categorical latent variables
   C


Estimator                                                      MLR
Information matrix                                        OBSERVED
Optimization Specifications for the Quasi-Newton Algorithm for
Continuous Outcomes
  Maximum number of iterations                                 100
  Convergence criterion                                  0.100D-05
Optimization Specifications for the EM Algorithm
  Maximum number of iterations                                 500
  Convergence criteria
    Loglikelihood change                                 0.100D-06
    Relative loglikelihood change                        0.100D-06
    Derivative                                           0.100D-05
Optimization Specifications for the M step of the EM Algorithm for
Categorical Latent variables
  Number of M step iterations                                    1
  M step convergence criterion                           0.100D-05
  Basis for M step termination                           ITERATION
Optimization Specifications for the M step of the EM Algorithm for
Censored, Binary or Ordered Categorical (Ordinal), Unordered
Categorical (Nominal) and Count Outcomes
  Number of M step iterations                                    1
  M step convergence criterion                           0.100D-05
  Basis for M step termination                           ITERATION
  Maximum value for logit thresholds                            15
  Minimum value for logit thresholds                           -15
  Minimum expected cell size for chi-square              0.100D-01
Maximum number of iterations for H1                           2000
Convergence criterion for H1                             0.100D-03
Optimization algorithm                                         EMA
Random Starts Specifications
  Number of initial stage random starts                       1000
  Number of final stage optimizations                          100
  Number of initial stage iterations                            10
  Initial stage convergence criterion                    0.100D+01
  Random starts scale                                    0.500D+01
  Random seed for generating random starts                       0
Link                                                         LOGIT

Input data file(s)
  /Users/brucecarter/Library/CloudStorage/Box-Box/Belonging-S&D/enum/belonging.d
Input data format  FREE


SUMMARY OF DATA

     Number of missing data patterns             1
     Number of y missing data patterns           0
     Number of u missing data patterns           1


COVARIANCE COVERAGE OF DATA

Minimum covariance coverage value   0.100


UNIVARIATE PROPORTIONS AND COUNTS FOR CATEGORICAL VARIABLES

    SSAF2R
      Category 1    0.239          200.000
      Category 2    0.123          103.000
      Category 3    0.638          534.000
    SSAF4R
      Category 1    0.142          119.000
      Category 2    0.134          112.000
      Category 3    0.724          606.000
    SSAF7
      Category 1    0.050           42.000
      Category 2    0.097           81.000
      Category 3    0.853          714.000
    SSAF11
      Category 1    0.057           48.000
      Category 2    0.186          156.000
      Category 3    0.756          633.000
    AUS3
      Category 1    0.234          196.000
      Category 2    0.219          183.000
      Category 3    0.547          458.000
    AUS2R
      Category 1    0.570          477.000
      Category 2    0.098           82.000
      Category 3    0.332          278.000
    AUS5
      Category 1    0.166          139.000
      Category 2    0.170          142.000
      Category 3    0.664          556.000
    AUS6R
      Category 1    0.299          250.000
      Category 2    0.179          150.000
      Category 3    0.522          437.000


RANDOM STARTS RESULTS RANKED FROM THE BEST TO THE WORST LOGLIKELIHOOD VALUES

Final stage loglikelihood values at local maxima, seeds, and initial stage start numbers:

           -4890.174  329127           185
           -4890.174  273992           349
           -4890.174  192191           629
           -4890.174  802682           419
           -4890.174  871722           355
           -4890.174  609089           241
           -4890.174  917702           693
           -4890.174  609185           181
           -4890.174  730868           977
           -4890.174  855760           593
           -4890.174  427006           839
           -4890.174  392418           28
           -4890.174  485256           371
           -4890.174  342019           301
           -4890.174  576596           99
           -4890.174  81117            305
           -4890.174  860102           495
           -4890.174  923437           398
           -4890.174  631413           439
           -4890.174  364676           27
           -4890.174  789985           67
           -4890.174  352277           42
           -4890.174  440395           917
           -4890.174  225995           847
           -4890.174  551639           55
           -4890.174  507218           613
           -4890.174  881886           608
           -4890.174  49293            707
           -4890.174  105656           909
           -4890.174  486646           586
           -4890.174  979450           913
           -4890.174  570908           98
           -4890.174  831410           567
           -4890.174  284716           713
           -4890.174  72344            897
           -4890.174  638977           643
           -4890.174  569338           755
           -4890.174  933578           506
           -4890.174  879338           309
           -4890.174  745972           521
           -4890.174  576726           280
           -4890.174  562716           300
           -4890.174  436892           565
           -4890.174  618000           190
           -4890.174  810594           845
           -4890.174  638611           524
           -4890.174  263049           454
           -4890.174  341960           685
           -4890.174  173191           422
           -4890.174  109946           771
           -4890.174  322790           636
           -4890.174  156536           245
           -4890.174  40327            971
           -4890.174  567165           319
           -4890.174  931874           141
           -4890.174  unperturbed      0
           -4890.174  641794           591
           -4890.174  508482           446
           -4890.174  371246           101
           -4890.174  840031           276
           -4890.174  405079           68
           -4890.174  791678           974
           -4890.174  165853           105
           -4890.174  858804           534
           -4890.174  679448           937
           -4890.174  505879           424
           -4890.174  856536           144
           -4890.174  475419           987
           -4890.174  23012            352
           -4890.174  616917           261
           -4890.174  7959             256
           -4890.174  669634           335
           -4890.174  327140           678
           -4890.174  420910           928
           -4890.174  643311           888
           -4890.174  303634           169
           -4890.174  721392           768
           -4890.174  590834           785
           -4890.174  769907           457
           -4890.174  501995           791
           -4890.174  306768           978
           -4890.174  781190           219
           -4890.174  545140           278
           -4890.174  599729           658
           -4890.174  544077           809
           -4890.174  123985           248
           -4890.174  794236           127
           -4890.174  869564           869
           -4890.174  576783           866
           -4890.174  509733           130
           -4890.174  58507            793
           -4890.174  117391           710
           -4890.174  27071            15
           -4890.174  408713           450
           -4890.174  582296           452
           -4890.174  847088           750
           -4890.174  424223           900
           -4890.174  87586            871
           -4890.174  536551           696
           -4890.174  84013            598



THE BEST LOGLIKELIHOOD VALUE HAS BEEN REPLICATED.  RERUN WITH AT LEAST TWICE THE
RANDOM STARTS TO CHECK THAT THE BEST LOGLIKELIHOOD IS STILL OBTAINED AND REPLICATED.

     IN THE OPTIMIZATION, ONE OR MORE LOGIT THRESHOLDS APPROACHED EXTREME VALUES
     OF -15.000 AND 15.000 AND WERE FIXED TO STABILIZE MODEL ESTIMATION.  THESE
     VALUES IMPLY PROBABILITIES OF 0 AND 1.  IN THE MODEL RESULTS SECTION, THESE
     PARAMETERS HAVE 0 STANDARD ERRORS AND 999 IN THE Z-SCORE AND P-VALUE COLUMNS.




THE MODEL ESTIMATION TERMINATED NORMALLY



MODEL FIT INFORMATION

Number of Free Parameters                       50

Loglikelihood

          H0 Value                       -4890.174
          H0 Scaling Correction Factor      1.0726
            for MLR

Information Criteria

          Akaike (AIC)                    9880.348
          Bayesian (BIC)                 10116.839
          Sample-Size Adjusted BIC        9958.056
            (n* = (n + 2) / 24)

Chi-Square Test of Model Fit for the Binary and Ordered Categorical
(Ordinal) Outcomes**

          Pearson Chi-Square

          Value                           4192.763
          Degrees of Freedom                  6492
          P-Value                           1.0000

          Likelihood Ratio Chi-Square

          Value                           1387.149
          Degrees of Freedom                  6492
          P-Value                           1.0000

** Of the 6561 cells in the latent class indicator table, 18
   were deleted in the calculation of chi-square due to extreme values.



FINAL CLASS COUNTS AND PROPORTIONS FOR THE LATENT CLASSES
BASED ON THE ESTIMATED MODEL

    Latent
   Classes

       1        320.86501          0.38335
       2        323.67014          0.38670
       3        192.46485          0.22995


FINAL CLASS COUNTS AND PROPORTIONS FOR THE LATENT CLASSES
BASED ON ESTIMATED POSTERIOR PROBABILITIES

    Latent
   Classes

       1        320.86501          0.38335
       2        323.67014          0.38670
       3        192.46485          0.22995


FINAL CLASS COUNTS AND PROPORTIONS FOR THE LATENT CLASSES
BASED ON THEIR MOST LIKELY LATENT CLASS MEMBERSHIP

Class Counts and Proportions

    Latent
   Classes

       1              317          0.37873
       2              327          0.39068
       3              193          0.23059


CLASSIFICATION QUALITY

     Entropy                         0.795


Average Latent Class Probabilities for Most Likely Latent Class Membership (Row)
by Latent Class (Column)

           1        2        3

    1   0.927    0.061    0.012
    2   0.072    0.892    0.035
    3   0.016    0.066    0.918


Classification Probabilities for the Most Likely Latent Class Membership (Column)
by Latent Class (Row)

           1        2        3

    1   0.916    0.074    0.010
    2   0.059    0.901    0.039
    3   0.019    0.060    0.920


Logits for the Classification Probabilities for the Most Likely Latent Class Membership (Column)
by Latent Class (Row)

              1        2        3

    1      4.530    2.012    0.000
    2      0.416    3.134    0.000
    3     -3.855   -2.728    0.000


MODEL RESULTS

                                                    Two-Tailed
                    Estimate       S.E.  Est./S.E.    P-Value

Latent Class 1

 Thresholds
    SSAF2R$1          -2.686      0.302     -8.880      0.000
    SSAF2R$2          -1.779      0.217     -8.191      0.000
    SSAF4R$1          -4.119      0.776     -5.310      0.000
    SSAF4R$2          -2.650      0.378     -7.011      0.000
    SSAF7$1          -15.000      0.000    999.000    999.000
    SSAF7$2           -3.775      0.556     -6.787      0.000
    SSAF11$1          -5.208      0.920     -5.663      0.000
    SSAF11$2          -2.263      0.240     -9.422      0.000
    AUS3$1            -4.174      0.697     -5.990      0.000
    AUS3$2            -2.562      0.338     -7.569      0.000
    AUS2R$1           -1.561      0.233     -6.708      0.000
    AUS2R$2           -0.970      0.194     -5.007      0.000
    AUS5$1            -2.761      0.285     -9.691      0.000
    AUS5$2            -2.279      0.261     -8.732      0.000
    AUS6R$1           -3.282      0.405     -8.103      0.000
    AUS6R$2           -2.044      0.245     -8.343      0.000

Latent Class 2

 Thresholds
    SSAF2R$1          -2.295      0.288     -7.964      0.000
    SSAF2R$2          -1.186      0.223     -5.315      0.000
    SSAF4R$1          -3.766      0.572     -6.580      0.000
    SSAF4R$2          -1.883      0.300     -6.278      0.000
    SSAF7$1           -4.786      0.692     -6.921      0.000
    SSAF7$2           -3.056      0.413     -7.399      0.000
    SSAF11$1          -6.157      1.664     -3.700      0.000
    SSAF11$2          -2.201      0.289     -7.616      0.000
    AUS3$1            -0.717      0.155     -4.621      0.000
    AUS3$2             0.880      0.179      4.901      0.000
    AUS2R$1            1.878      0.265      7.099      0.000
    AUS2R$2            3.495      0.642      5.444      0.000
    AUS5$1            -1.290      0.160     -8.049      0.000
    AUS5$2            -0.101      0.137     -0.741      0.459
    AUS6R$1           -0.220      0.148     -1.483      0.138
    AUS6R$2            0.872      0.170      5.133      0.000

Latent Class 3

 Thresholds
    SSAF2R$1           1.259      0.291      4.333      0.000
    SSAF2R$2           2.751      0.486      5.665      0.000
    SSAF4R$1           0.215      0.220      0.977      0.329
    SSAF4R$2           1.885      0.322      5.849      0.000
    SSAF7$1           -1.360      0.213     -6.369      0.000
    SSAF7$2            0.104      0.195      0.535      0.593
    SSAF11$1          -1.171      0.214     -5.471      0.000
    SSAF11$2           1.021      0.252      4.051      0.000
    AUS3$1            -0.236      0.190     -1.241      0.215
    AUS3$2             0.669      0.204      3.285      0.001
    AUS2R$1            0.997      0.208      4.794      0.000
    AUS2R$2            1.476      0.241      6.127      0.000
    AUS5$1            -1.046      0.201     -5.206      0.000
    AUS5$2             0.027      0.180      0.152      0.879
    AUS6R$1           -0.041      0.175     -0.237      0.813
    AUS6R$2            0.854      0.200      4.273      0.000

Categorical Latent Variables

 Means
    C#1                0.511      0.139      3.672      0.000
    C#2                0.520      0.159      3.270      0.001


QUALITY OF NUMERICAL RESULTS

     Condition Number for the Information Matrix              0.150E-02
       (ratio of smallest to largest eigenvalue)


RESULTS IN PROBABILITY SCALE

                                                    Two-Tailed
                    Estimate       S.E.  Est./S.E.    P-Value

Latent Class 1

 SSAF2R
    Category 1         0.064      0.018      3.532      0.000
    Category 2         0.081      0.019      4.281      0.000
    Category 3         0.856      0.027     31.877      0.000
 SSAF4R
    Category 1         0.016      0.012      1.310      0.190
    Category 2         0.050      0.018      2.805      0.005
    Category 3         0.934      0.023     40.086      0.000
 SSAF7
    Category 1         0.000      0.000      0.000      1.000
    Category 2         0.022      0.012      1.839      0.066
    Category 3         0.978      0.012     80.203      0.000
 SSAF11
    Category 1         0.005      0.005      1.093      0.274
    Category 2         0.089      0.020      4.497      0.000
    Category 3         0.906      0.021     44.176      0.000
 AUS3
    Category 1         0.015      0.010      1.457      0.145
    Category 2         0.056      0.019      2.999      0.003
    Category 3         0.928      0.023     41.237      0.000
 AUS2R
    Category 1         0.174      0.033      5.200      0.000
    Category 2         0.101      0.021      4.872      0.000
    Category 3         0.725      0.039     18.778      0.000
 AUS5
    Category 1         0.059      0.016      3.731      0.000
    Category 2         0.033      0.014      2.399      0.016
    Category 3         0.907      0.022     41.251      0.000
 AUS6R
    Category 1         0.036      0.014      2.562      0.010
    Category 2         0.078      0.020      3.967      0.000
    Category 3         0.885      0.025     35.598      0.000

Latent Class 2

 SSAF2R
    Category 1         0.092      0.024      3.820      0.000
    Category 2         0.142      0.029      4.974      0.000
    Category 3         0.766      0.040     19.154      0.000
 SSAF4R
    Category 1         0.023      0.013      1.788      0.074
    Category 2         0.109      0.030      3.668      0.000
    Category 3         0.868      0.034     25.253      0.000
 SSAF7
    Category 1         0.008      0.006      1.458      0.145
    Category 2         0.037      0.017      2.203      0.028
    Category 3         0.955      0.018     53.842      0.000
 SSAF11
    Category 1         0.002      0.004      0.602      0.547
    Category 2         0.098      0.026      3.820      0.000
    Category 3         0.900      0.026     34.720      0.000
 AUS3
    Category 1         0.328      0.034      9.594      0.000
    Category 2         0.379      0.030     12.462      0.000
    Category 3         0.293      0.037      7.884      0.000
 AUS2R
    Category 1         0.867      0.030     28.503      0.000
    Category 2         0.103      0.023      4.482      0.000
    Category 3         0.029      0.018      1.605      0.108
 AUS5
    Category 1         0.216      0.027      7.960      0.000
    Category 2         0.259      0.028      9.276      0.000
    Category 3         0.525      0.034     15.392      0.000
 AUS6R
    Category 1         0.445      0.037     12.176      0.000
    Category 2         0.260      0.028      9.364      0.000
    Category 3         0.295      0.035      8.351      0.000

Latent Class 3

 SSAF2R
    Category 1         0.779      0.050     15.562      0.000
    Category 2         0.161      0.040      3.984      0.000
    Category 3         0.060      0.027      2.191      0.028
 SSAF4R
    Category 1         0.554      0.054     10.176      0.000
    Category 2         0.315      0.045      6.977      0.000
    Category 3         0.132      0.037      3.574      0.000
 SSAF7
    Category 1         0.204      0.035      5.887      0.000
    Category 2         0.322      0.039      8.357      0.000
    Category 3         0.474      0.049      9.741      0.000
 SSAF11
    Category 1         0.237      0.039      6.123      0.000
    Category 2         0.498      0.042     11.982      0.000
    Category 3         0.265      0.049      5.397      0.000
 AUS3
    Category 1         0.441      0.047      9.426      0.000
    Category 2         0.220      0.034      6.403      0.000
    Category 3         0.339      0.046      7.429      0.000
 AUS2R
    Category 1         0.730      0.041     17.844      0.000
    Category 2         0.084      0.024      3.436      0.001
    Category 3         0.186      0.036      5.099      0.000
 AUS5
    Category 1         0.260      0.039      6.727      0.000
    Category 2         0.247      0.036      6.862      0.000
    Category 3         0.493      0.045     10.933      0.000
 AUS6R
    Category 1         0.490      0.044     11.214      0.000
    Category 2         0.212      0.034      6.143      0.000
    Category 3         0.299      0.042      7.137      0.000


LATENT CLASS INDICATOR ODDS RATIOS FOR THE LATENT CLASSES

                                                95% C.I.
                    Estimate       S.E.  Lower 2.5% Upper 2.5%

Latent Class 1 Compared to Latent Class 2

 SSAF2R
    Category > 1       1.478      0.644      0.629      3.471
    Category > 2       1.809      0.594      0.950      3.443
 SSAF4R
    Category > 1       1.424      1.464      0.190     10.688
    Category > 2       2.152      1.079      0.805      5.749
 SSAF7
    Category > 1   27281.744      0.000  27281.742  27281.742
    Category > 2       2.054      1.493      0.494      8.538
 SSAF11
    Category > 1       0.387      0.737      0.009     16.201
    Category > 2       1.064      0.426      0.485      2.331
 AUS3
    Category > 1      31.731     22.619      7.847    128.310
    Category > 2      31.224     11.107     15.548     62.703
 AUS2R
    Category > 1      31.150     10.149     16.449     58.990
    Category > 2      86.910     54.689     25.318    298.340
 AUS5
    Category > 1       4.357      1.474      2.245      8.455
    Category > 2       8.825      2.579      4.977     15.647
 AUS6R
    Category > 1      21.371      9.016      9.348     48.860
    Category > 2      18.460      5.139     10.698     31.855

Latent Class 1 Compared to Latent Class 3

 SSAF2R
    Category > 1      51.638     20.577     23.647    112.763
    Category > 2      92.753     47.620     33.909    253.715
 SSAF4R
    Category > 1      76.235     60.823     15.960    364.153
    Category > 2      93.227     45.993     35.448    245.180
 SSAF7
    Category > 1   *********      0.000  *********  *********
    Category > 2      48.413     28.201     15.457    151.637
 SSAF11
    Category > 1      56.666     53.325      8.960    358.382
    Category > 2      26.680      9.011     13.762     51.723
 AUS3
    Category > 1      51.339     36.810     12.593    209.295
    Category > 2      25.285     10.102     11.555     55.330
 AUS2R
    Category > 1      12.901      4.192      6.824     24.390
    Category > 2      11.546      3.699      6.161     21.636
 AUS5
    Category > 1       5.560      1.949      2.797     11.051
    Category > 2      10.038      3.267      5.304     18.998
 AUS6R
    Category > 1      25.540     11.360     10.681     61.070
    Category > 2      18.130      5.739      9.749     33.717

Latent Class 2 Compared to Latent Class 3

 SSAF2R
    Category > 1      34.944     12.321     17.508     69.744
    Category > 2      51.275     25.672     19.219    136.800
 SSAF4R
    Category > 1      53.547     31.219     17.079    167.885
    Category > 2      43.326     17.658     19.491     96.309
 SSAF7
    Category > 1      30.766     22.230      7.465    126.801
    Category > 2      23.572     10.264     10.041     55.339
 SSAF11
    Category > 1     146.385    247.384      5.333   4018.052
    Category > 2      25.079      8.772     12.635     49.780
 AUS3
    Category > 1       1.618      0.436      0.954      2.743
    Category > 2       0.810      0.237      0.456      1.438
 AUS2R
    Category > 1       0.414      0.147      0.207      0.829
    Category > 2       0.133      0.093      0.034      0.525
 AUS5
    Category > 1       1.276      0.359      0.736      2.214
    Category > 2       1.138      0.275      0.708      1.827
 AUS6R
    Category > 1       1.195      0.293      0.740      1.931
    Category > 2       0.982      0.274      0.569      1.695


RESIDUAL OUTPUT


     RESIDUAL OUTPUT IS NOT AVAILABLE FOR THIS MODEL.  ADDITIONAL OUTPUT FOR
     CATEGORICAL, COUNT, AND NOMINAL VARIABLES MAY BE AVAILABLE USING TECH10.


TECHNICAL 11 OUTPUT

     Random Starts Specifications for the k-1 Class Analysis Model
        Number of initial stage random starts                1000
        Number of final stage optimizations                   100



     VUONG-LO-MENDELL-RUBIN LIKELIHOOD RATIO TEST FOR 2 (H0) VERSUS 3 CLASSES

          H0 Loglikelihood Value                        -5103.434
          2 Times the Loglikelihood Difference            426.519
          Difference in the Number of Parameters               16
          Mean                                             16.886
          Standard Deviation                               22.242
          P-Value                                          0.0000

     LO-MENDELL-RUBIN ADJUSTED LRT TEST

          Value                                           422.595
          P-Value                                          0.0000


TECHNICAL 14 OUTPUT

     Random Starts Specifications for the k-1 Class Analysis Model
        Number of initial stage random starts                1000
        Number of final stage optimizations                   100

     Random Starts Specification for the k-1 Class Model for Generated Data
        Number of initial stage random starts                   0
        Number of final stage optimizations for the
           initial stage random starts                          0
     Random Starts Specification for the k Class Model for Generated Data
        Number of initial stage random starts                  40
        Number of final stage optimizations                     8
     Number of bootstrap draws requested                   Varies


     PARAMETRIC BOOTSTRAPPED LIKELIHOOD RATIO TEST FOR 2 (H0) VERSUS 3 CLASSES

          H0 Loglikelihood Value                        -5103.434
          2 Times the Loglikelihood Difference            426.519
          Difference in the Number of Parameters               16
          Approximate P-Value                              0.0000
          Successful Bootstrap Draws                            5


PLOT INFORMATION

The following plots are available:

  Histograms (sample values)
  Scatterplots (sample values)
  Sample proportions and estimated probabilities

     Beginning Time:  19:40:56
        Ending Time:  19:41:02
       Elapsed Time:  00:00:06



MUTHEN & MUTHEN
3463 Stoner Ave.
Los Angeles, CA  90066

Tel: (310) 391-9971
Fax: (310) 391-8971
Web: www.StatModel.com
Support: Support@StatModel.com

Copyright (c) 1998-2024 Muthen & Muthen
