Mplus VERSION 8.11 (Mac)
MUTHEN & MUTHEN
05/01/2025   7:41 PM

INPUT INSTRUCTIONS

  TITLE:
  4-Class LCA for Belonging Variables
  DATA:
  FILE = "/Users/brucecarter/Library/CloudStorage/Box-Box/Belonging-S&D/enum/belonging.dat";

  VARIABLE:
  NAMES = SSAF2R SSAF4R SSAF7 SSAF11 AUS3 AUS2R AUS5 AUS6R;
   MISSING=.;
   categorical = SSAF2R SSAF4R SSAF7 SSAF11 AUS3 AUS2R AUS5 AUS6R;
  usevar = SSAF2R SSAF4R SSAF7 SSAF11 AUS3 AUS2R AUS5 AUS6R;
  missing = all(999);
  classes = c(4);
  ANALYSIS:

        estimator = mlr;
        type = mixture;
        starts = 1000 100;
        processors = 10;
  OUTPUT:
  sampstat; residual; tech11; tech14;
  PLOT:

        type = plot3;
        series = SSAF2R SSAF4R SSAF7 SSAF11 AUS3 AUS2R AUS5 AUS6R(*);



*** WARNING in OUTPUT command
  SAMPSTAT option is not available when all outcomes are censored, ordered
  categorical, unordered categorical (nominal), count or continuous-time
  survival variables.  Request for SAMPSTAT is ignored.
   1 WARNING(S) FOUND IN THE INPUT INSTRUCTIONS




4-Class LCA for Belonging Variables

SUMMARY OF ANALYSIS

Number of groups                                                 1
Number of observations                                         837

Number of dependent variables                                    8
Number of independent variables                                  0
Number of continuous latent variables                            0
Number of categorical latent variables                           1

Observed dependent variables

  Binary and ordered categorical (ordinal)
   SSAF2R      SSAF4R      SSAF7       SSAF11      AUS3        AUS2R
   AUS5        AUS6R

Categorical latent variables
   C


Estimator                                                      MLR
Information matrix                                        OBSERVED
Optimization Specifications for the Quasi-Newton Algorithm for
Continuous Outcomes
  Maximum number of iterations                                 100
  Convergence criterion                                  0.100D-05
Optimization Specifications for the EM Algorithm
  Maximum number of iterations                                 500
  Convergence criteria
    Loglikelihood change                                 0.100D-06
    Relative loglikelihood change                        0.100D-06
    Derivative                                           0.100D-05
Optimization Specifications for the M step of the EM Algorithm for
Categorical Latent variables
  Number of M step iterations                                    1
  M step convergence criterion                           0.100D-05
  Basis for M step termination                           ITERATION
Optimization Specifications for the M step of the EM Algorithm for
Censored, Binary or Ordered Categorical (Ordinal), Unordered
Categorical (Nominal) and Count Outcomes
  Number of M step iterations                                    1
  M step convergence criterion                           0.100D-05
  Basis for M step termination                           ITERATION
  Maximum value for logit thresholds                            15
  Minimum value for logit thresholds                           -15
  Minimum expected cell size for chi-square              0.100D-01
Maximum number of iterations for H1                           2000
Convergence criterion for H1                             0.100D-03
Optimization algorithm                                         EMA
Random Starts Specifications
  Number of initial stage random starts                       1000
  Number of final stage optimizations                          100
  Number of initial stage iterations                            10
  Initial stage convergence criterion                    0.100D+01
  Random starts scale                                    0.500D+01
  Random seed for generating random starts                       0
Link                                                         LOGIT

Input data file(s)
  /Users/brucecarter/Library/CloudStorage/Box-Box/Belonging-S&D/enum/belonging.d
Input data format  FREE


SUMMARY OF DATA

     Number of missing data patterns             1
     Number of y missing data patterns           0
     Number of u missing data patterns           1


COVARIANCE COVERAGE OF DATA

Minimum covariance coverage value   0.100


UNIVARIATE PROPORTIONS AND COUNTS FOR CATEGORICAL VARIABLES

    SSAF2R
      Category 1    0.239          200.000
      Category 2    0.123          103.000
      Category 3    0.638          534.000
    SSAF4R
      Category 1    0.142          119.000
      Category 2    0.134          112.000
      Category 3    0.724          606.000
    SSAF7
      Category 1    0.050           42.000
      Category 2    0.097           81.000
      Category 3    0.853          714.000
    SSAF11
      Category 1    0.057           48.000
      Category 2    0.186          156.000
      Category 3    0.756          633.000
    AUS3
      Category 1    0.234          196.000
      Category 2    0.219          183.000
      Category 3    0.547          458.000
    AUS2R
      Category 1    0.570          477.000
      Category 2    0.098           82.000
      Category 3    0.332          278.000
    AUS5
      Category 1    0.166          139.000
      Category 2    0.170          142.000
      Category 3    0.664          556.000
    AUS6R
      Category 1    0.299          250.000
      Category 2    0.179          150.000
      Category 3    0.522          437.000


RANDOM STARTS RESULTS RANKED FROM THE BEST TO THE WORST LOGLIKELIHOOD VALUES

Final stage loglikelihood values at local maxima, seeds, and initial stage start numbers:

           -4803.396  829540           324
           -4803.396  551639           55
           -4803.396  855760           593
           -4803.396  11984            934
           -4803.396  570681           777
           -4803.396  192071           142
           -4803.396  784664           75
           -4803.396  692169           308
           -4803.396  370481           742
           -4803.396  105656           909
           -4803.396  46502            714
           -4803.396  153394           429
           -4803.396  87586            871
           -4803.396  197223           332
           -4803.396  359578           458
           -4803.396  354624           448
           -4803.396  158612           581
           -4803.396  80438            246
           -4803.396  127215           9
           -4803.396  313407           132
           -4803.396  777045           377
           -4803.396  387701           275
           -4803.396  836515           341
           -4803.396  928624           981
           -4803.396  40340            188
           -4803.396  917702           693
           -4803.396  424223           900
           -4803.396  933578           506
           -4803.396  211281           292
           -4803.396  609185           181
           -4803.396  231400           738
           -4803.396  321390           133
           -4803.396  3307             735
           -4803.396  315029           471
           -4803.396  507218           613
           -4803.396  264081           186
           -4803.396  82357            339
           -4803.396  238317           812
           -4803.396  170954           86
           -4803.396  247912           537

60 perturbed starting value run(s) did not converge or were rejected in the third stage.



THE BEST LOGLIKELIHOOD VALUE HAS BEEN REPLICATED.  RERUN WITH AT LEAST TWICE THE
RANDOM STARTS TO CHECK THAT THE BEST LOGLIKELIHOOD IS STILL OBTAINED AND REPLICATED.

     IN THE OPTIMIZATION, ONE OR MORE LOGIT THRESHOLDS APPROACHED EXTREME VALUES
     OF -15.000 AND 15.000 AND WERE FIXED TO STABILIZE MODEL ESTIMATION.  THESE
     VALUES IMPLY PROBABILITIES OF 0 AND 1.  IN THE MODEL RESULTS SECTION, THESE
     PARAMETERS HAVE 0 STANDARD ERRORS AND 999 IN THE Z-SCORE AND P-VALUE COLUMNS.




THE MODEL ESTIMATION TERMINATED NORMALLY



MODEL FIT INFORMATION

Number of Free Parameters                       67

Loglikelihood

          H0 Value                       -4803.396
          H0 Scaling Correction Factor      1.0636
            for MLR

Information Criteria

          Akaike (AIC)                    9740.793
          Bayesian (BIC)                 10057.691
          Sample-Size Adjusted BIC        9844.921
            (n* = (n + 2) / 24)

Chi-Square Test of Model Fit for the Binary and Ordered Categorical
(Ordinal) Outcomes**

          Pearson Chi-Square

          Value                           3393.895
          Degrees of Freedom                  6477
          P-Value                           1.0000

          Likelihood Ratio Chi-Square

          Value                           1235.859
          Degrees of Freedom                  6477
          P-Value                           1.0000

** Of the 6561 cells in the latent class indicator table, 16
   were deleted in the calculation of chi-square due to extreme values.



FINAL CLASS COUNTS AND PROPORTIONS FOR THE LATENT CLASSES
BASED ON THE ESTIMATED MODEL

    Latent
   Classes

       1        126.65203          0.15132
       2        102.66658          0.12266
       3        295.61740          0.35319
       4        312.06398          0.37284


FINAL CLASS COUNTS AND PROPORTIONS FOR THE LATENT CLASSES
BASED ON ESTIMATED POSTERIOR PROBABILITIES

    Latent
   Classes

       1        126.65203          0.15132
       2        102.66658          0.12266
       3        295.61740          0.35319
       4        312.06398          0.37284


FINAL CLASS COUNTS AND PROPORTIONS FOR THE LATENT CLASSES
BASED ON THEIR MOST LIKELY LATENT CLASS MEMBERSHIP

Class Counts and Proportions

    Latent
   Classes

       1              125          0.14934
       2               99          0.11828
       3              295          0.35245
       4              318          0.37993


CLASSIFICATION QUALITY

     Entropy                         0.816


Average Latent Class Probabilities for Most Likely Latent Class Membership (Row)
by Latent Class (Column)

           1        2        3        4

    1   0.869    0.045    0.016    0.070
    2   0.054    0.906    0.000    0.039
    3   0.013    0.000    0.928    0.059
    4   0.028    0.023    0.062    0.887


Classification Probabilities for the Most Likely Latent Class Membership (Column)
by Latent Class (Row)

           1        2        3        4

    1   0.857    0.042    0.030    0.070
    2   0.054    0.874    0.000    0.072
    3   0.007    0.000    0.926    0.067
    4   0.028    0.013    0.056    0.904


Logits for the Classification Probabilities for the Most Likely Latent Class Membership (Column)
by Latent Class (Row)

              1        2        3        4

    1      2.500   -0.509   -0.857    0.000
    2     -0.274    2.501   -8.652    0.000
    3     -2.259   -7.068    2.631    0.000
    4     -3.472   -4.279   -2.786    0.000


MODEL RESULTS

                                                    Two-Tailed
                    Estimate       S.E.  Est./S.E.    P-Value

Latent Class 1

 Thresholds
    SSAF2R$1           0.289      0.263      1.100      0.271
    SSAF2R$2           1.785      0.352      5.078      0.000
    SSAF4R$1          -0.422      0.257     -1.640      0.101
    SSAF4R$2           1.790      0.410      4.368      0.000
    SSAF7$1           -1.773      0.307     -5.784      0.000
    SSAF7$2           -0.243      0.260     -0.935      0.350
    SSAF11$1          -1.903      0.343     -5.542      0.000
    SSAF11$2           0.481      0.271      1.774      0.076
    AUS3$1            -2.624      0.456     -5.756      0.000
    AUS3$2            -0.721      0.270     -2.666      0.008
    AUS2R$1           -0.448      0.319     -1.407      0.160
    AUS2R$2            0.310      0.278      1.113      0.266
    AUS5$1            -3.286      0.659     -4.983      0.000
    AUS5$2            -1.071      0.293     -3.653      0.000
    AUS6R$1           -1.535      0.356     -4.311      0.000
    AUS6R$2           -0.136      0.268     -0.508      0.611

Latent Class 2

 Thresholds
    SSAF2R$1           1.650      0.422      3.914      0.000
    SSAF2R$2           2.485      0.679      3.659      0.000
    SSAF4R$1           0.472      0.292      1.619      0.106
    SSAF4R$2           1.440      0.441      3.261      0.001
    SSAF7$1           -1.299      0.277     -4.695      0.000
    SSAF7$2            0.115      0.259      0.442      0.659
    SSAF11$1          -0.866      0.261     -3.316      0.001
    SSAF11$2           1.140      0.329      3.468      0.001
    AUS3$1             1.263      0.426      2.967      0.003
    AUS3$2             2.548      0.631      4.038      0.000
    AUS2R$1           15.000      0.000    999.000    999.000
    AUS2R$2           15.000      0.000    999.000    999.000
    AUS5$1            -0.095      0.282     -0.337      0.736
    AUS5$2             0.819      0.270      3.035      0.002
    AUS6R$1            1.004      0.301      3.336      0.001
    AUS6R$2            1.921      0.429      4.480      0.000

Latent Class 3

 Thresholds
    SSAF2R$1          -3.023      0.325     -9.304      0.000
    SSAF2R$2          -2.163      0.235     -9.211      0.000
    SSAF4R$1         -15.000      0.000    999.000    999.000
    SSAF4R$2          -4.351      0.824     -5.279      0.000
    SSAF7$1          -15.000      0.000    999.000    999.000
    SSAF7$2          -15.000      0.000    999.000    999.000
    SSAF11$1          -5.721      1.052     -5.438      0.000
    SSAF11$2          -2.606      0.266     -9.815      0.000
    AUS3$1            -4.328      0.703     -6.155      0.000
    AUS3$2            -2.597      0.346     -7.507      0.000
    AUS2R$1           -1.545      0.233     -6.629      0.000
    AUS2R$2           -0.964      0.192     -5.024      0.000
    AUS5$1            -2.708      0.283     -9.579      0.000
    AUS5$2            -2.295      0.263     -8.743      0.000
    AUS6R$1           -3.243      0.408     -7.942      0.000
    AUS6R$2           -2.116      0.257     -8.242      0.000

Latent Class 4

 Thresholds
    SSAF2R$1          -2.327      0.292     -7.973      0.000
    SSAF2R$2          -1.254      0.217     -5.782      0.000
    SSAF4R$1          -4.003      0.700     -5.717      0.000
    SSAF4R$2          -2.046      0.315     -6.504      0.000
    SSAF7$1           -5.254      0.952     -5.517      0.000
    SSAF7$2           -3.132      0.391     -8.013      0.000
    SSAF11$1          -7.372      8.330     -0.885      0.376
    SSAF11$2          -2.332      0.296     -7.887      0.000
    AUS3$1            -0.700      0.166     -4.206      0.000
    AUS3$2             0.900      0.181      4.983      0.000
    AUS2R$1            1.945      0.260      7.470      0.000
    AUS2R$2            3.367      0.544      6.191      0.000
    AUS5$1            -1.296      0.174     -7.467      0.000
    AUS5$2            -0.072      0.141     -0.516      0.606
    AUS6R$1           -0.189      0.151     -1.258      0.208
    AUS6R$2            0.866      0.173      5.014      0.000

Categorical Latent Variables

 Means
    C#1               -0.902      0.181     -4.994      0.000
    C#2               -1.112      0.164     -6.763      0.000
    C#3               -0.054      0.124     -0.438      0.662


QUALITY OF NUMERICAL RESULTS

     Condition Number for the Information Matrix              0.118E-03
       (ratio of smallest to largest eigenvalue)


RESULTS IN PROBABILITY SCALE

                                                    Two-Tailed
                    Estimate       S.E.  Est./S.E.    P-Value

Latent Class 1

 SSAF2R
    Category 1         0.572      0.064      8.890      0.000
    Category 2         0.285      0.053      5.342      0.000
    Category 3         0.144      0.043      3.322      0.001
 SSAF4R
    Category 1         0.396      0.061      6.444      0.000
    Category 2         0.461      0.055      8.340      0.000
    Category 3         0.143      0.050      2.848      0.004
 SSAF7
    Category 1         0.145      0.038      3.815      0.000
    Category 2         0.295      0.051      5.743      0.000
    Category 3         0.560      0.064      8.765      0.000
 SSAF11
    Category 1         0.130      0.039      3.346      0.001
    Category 2         0.488      0.055      8.868      0.000
    Category 3         0.382      0.064      5.969      0.000
 AUS3
    Category 1         0.068      0.029      2.353      0.019
    Category 2         0.260      0.055      4.733      0.000
    Category 3         0.673      0.060     11.302      0.000
 AUS2R
    Category 1         0.390      0.076      5.140      0.000
    Category 2         0.187      0.039      4.761      0.000
    Category 3         0.423      0.068      6.227      0.000
 AUS5
    Category 1         0.036      0.023      1.573      0.116
    Category 2         0.219      0.052      4.192      0.000
    Category 3         0.745      0.056     13.364      0.000
 AUS6R
    Category 1         0.177      0.052      3.414      0.001
    Category 2         0.289      0.050      5.830      0.000
    Category 3         0.534      0.067      8.003      0.000

Latent Class 2

 SSAF2R
    Category 1         0.839      0.057     14.722      0.000
    Category 2         0.084      0.040      2.099      0.036
    Category 3         0.077      0.048      1.595      0.111
 SSAF4R
    Category 1         0.616      0.069      8.924      0.000
    Category 2         0.192      0.049      3.890      0.000
    Category 3         0.192      0.068      2.803      0.005
 SSAF7
    Category 1         0.214      0.047      4.599      0.000
    Category 2         0.314      0.056      5.611      0.000
    Category 3         0.471      0.065      7.296      0.000
 SSAF11
    Category 1         0.296      0.054      5.442      0.000
    Category 2         0.461      0.058      7.941      0.000
    Category 3         0.242      0.060      4.016      0.000
 AUS3
    Category 1         0.779      0.073     10.655      0.000
    Category 2         0.148      0.055      2.676      0.007
    Category 3         0.073      0.042      1.709      0.087
 AUS2R
    Category 1         1.000      0.000      0.000      1.000
    Category 2         0.000      0.000      0.000      1.000
    Category 3         0.000      0.000      0.000      1.000
 AUS5
    Category 1         0.476      0.070      6.767      0.000
    Category 2         0.218      0.057      3.844      0.000
    Category 3         0.306      0.057      5.343      0.000
 AUS6R
    Category 1         0.732      0.059     12.393      0.000
    Category 2         0.140      0.047      3.015      0.003
    Category 3         0.128      0.048      2.674      0.007

Latent Class 3

 SSAF2R
    Category 1         0.046      0.014      3.228      0.001
    Category 2         0.057      0.016      3.534      0.000
    Category 3         0.897      0.022     41.297      0.000
 SSAF4R
    Category 1         0.000      0.000      0.000      1.000
    Category 2         0.013      0.010      1.229      0.219
    Category 3         0.987      0.010     95.312      0.000
 SSAF7
    Category 1         0.000      0.000      0.000      1.000
    Category 2         0.000      0.000      0.000      1.000
    Category 3         1.000      0.000      0.000      1.000
 SSAF11
    Category 1         0.003      0.003      0.954      0.340
    Category 2         0.065      0.017      3.927      0.000
    Category 3         0.931      0.017     54.776      0.000
 AUS3
    Category 1         0.013      0.009      1.441      0.150
    Category 2         0.056      0.020      2.844      0.004
    Category 3         0.931      0.022     41.691      0.000
 AUS2R
    Category 1         0.176      0.034      5.204      0.000
    Category 2         0.100      0.021      4.836      0.000
    Category 3         0.724      0.038     18.880      0.000
 AUS5
    Category 1         0.063      0.017      3.773      0.000
    Category 2         0.029      0.013      2.153      0.031
    Category 3         0.909      0.022     41.626      0.000
 AUS6R
    Category 1         0.038      0.015      2.545      0.011
    Category 2         0.070      0.019      3.622      0.000
    Category 3         0.892      0.025     36.220      0.000

Latent Class 4

 SSAF2R
    Category 1         0.089      0.024      3.760      0.000
    Category 2         0.133      0.027      4.998      0.000
    Category 3         0.778      0.037     20.768      0.000
 SSAF4R
    Category 1         0.018      0.012      1.454      0.146
    Category 2         0.097      0.027      3.583      0.000
    Category 3         0.886      0.032     27.774      0.000
 SSAF7
    Category 1         0.005      0.005      1.055      0.291
    Category 2         0.037      0.015      2.490      0.013
    Category 3         0.958      0.016     61.196      0.000
 SSAF11
    Category 1         0.001      0.005      0.120      0.904
    Category 2         0.088      0.022      3.936      0.000
    Category 3         0.911      0.024     38.212      0.000
 AUS3
    Category 1         0.332      0.037      8.993      0.000
    Category 2         0.379      0.031     12.042      0.000
    Category 3         0.289      0.037      7.790      0.000
 AUS2R
    Category 1         0.875      0.029     30.697      0.000
    Category 2         0.092      0.021      4.344      0.000
    Category 3         0.033      0.018      1.902      0.057
 AUS5
    Category 1         0.215      0.029      7.341      0.000
    Category 2         0.267      0.028      9.426      0.000
    Category 3         0.518      0.035     14.763      0.000
 AUS6R
    Category 1         0.453      0.037     12.143      0.000
    Category 2         0.251      0.028      8.935      0.000
    Category 3         0.296      0.036      8.228      0.000


LATENT CLASS INDICATOR ODDS RATIOS FOR THE LATENT CLASSES

                                                95% C.I.
                    Estimate       S.E.  Lower 2.5% Upper 2.5%

Latent Class 1 Compared to Latent Class 2

 SSAF2R
    Category > 1       3.901      2.028      1.408     10.806
    Category > 2       2.014      1.619      0.416      9.740
 SSAF4R
    Category > 1       2.444      0.994      1.102      5.422
    Category > 2       0.705      0.444      0.205      2.423
 SSAF7
    Category > 1       1.606      0.688      0.694      3.721
    Category > 2       1.429      0.557      0.666      3.068
 SSAF11
    Category > 1       2.822      1.279      1.161      6.861
    Category > 2       1.933      0.846      0.819      4.559
 AUS3
    Category > 1      48.734     29.913     14.633    162.299
    Category > 2      26.282     17.484      7.135     96.809
 AUS2R
    Category > 1   *********      0.000  *********  *********
    Category > 2   *********      0.000  *********  *********
 AUS5
    Category > 1      24.306     17.329      6.009     98.308
    Category > 2       6.614      2.614      3.048     14.353
 AUS6R
    Category > 1      12.660      5.928      5.057     31.697
    Category > 2       7.823      4.178      2.746     22.284

Latent Class 1 Compared to Latent Class 3

 SSAF2R
    Category > 1       0.036      0.015      0.017      0.080
    Category > 2       0.019      0.008      0.009      0.042
 SSAF4R
    Category > 1       0.000      0.000      0.000      0.000
    Category > 2       0.002      0.002      0.000      0.012
 SSAF7
    Category > 1       0.000      0.000      0.000      0.000
    Category > 2       0.000      0.000      0.000      0.000
 SSAF11
    Category > 1       0.022      0.024      0.003      0.193
    Category > 2       0.046      0.017      0.022      0.095
 AUS3
    Category > 1       0.182      0.154      0.035      0.955
    Category > 2       0.153      0.068      0.064      0.365
 AUS2R
    Category > 1       0.334      0.137      0.150      0.744
    Category > 2       0.280      0.098      0.141      0.554
 AUS5
    Category > 1       1.782      1.276      0.438      7.249
    Category > 2       0.294      0.119      0.133      0.649
 AUS6R
    Category > 1       0.181      0.100      0.062      0.533
    Category > 2       0.138      0.053      0.065      0.291

Latent Class 1 Compared to Latent Class 4

 SSAF2R
    Category > 1       0.073      0.028      0.035      0.154
    Category > 2       0.048      0.020      0.021      0.108
 SSAF4R
    Category > 1       0.028      0.020      0.007      0.118
    Category > 2       0.022      0.011      0.008      0.060
 SSAF7
    Category > 1       0.031      0.031      0.004      0.223
    Category > 2       0.056      0.026      0.022      0.140
 SSAF11
    Category > 1       0.004      0.035      0.000  53289.539
    Category > 2       0.060      0.024      0.027      0.132
 AUS3
    Category > 1       6.846      3.348      2.625     17.854
    Category > 2       5.057      1.722      2.595      9.856
 AUS2R
    Category > 1      10.949      4.677      4.740     25.292
    Category > 2      21.260     13.389      6.187     73.056
 AUS5
    Category > 1       7.317      5.032      1.901     28.165
    Category > 2       2.714      0.916      1.400      5.261
 AUS6R
    Category > 1       3.840      1.537      1.753      8.414
    Category > 2       2.724      0.899      1.426      5.203

Latent Class 2 Compared to Latent Class 3

 SSAF2R
    Category > 1       0.009      0.005      0.003      0.027
    Category > 2       0.010      0.007      0.002      0.040
 SSAF4R
    Category > 1       0.000      0.000      0.000      0.000
    Category > 2       0.003      0.003      0.000      0.020
 SSAF7
    Category > 1       0.000      0.000      0.000      0.000
    Category > 2       0.000      0.000      0.000      0.000
 SSAF11
    Category > 1       0.008      0.008      0.001      0.065
    Category > 2       0.024      0.010      0.010      0.054
 AUS3
    Category > 1       0.004      0.003      0.001      0.018
    Category > 2       0.006      0.004      0.001      0.024
 AUS2R
    Category > 1       0.000      0.000      0.000      0.000
    Category > 2       0.000      0.000      0.000      0.000
 AUS5
    Category > 1       0.073      0.029      0.034      0.160
    Category > 2       0.044      0.016      0.021      0.092
 AUS6R
    Category > 1       0.014      0.007      0.005      0.039
    Category > 2       0.018      0.009      0.007      0.046

Latent Class 2 Compared to Latent Class 4

 SSAF2R
    Category > 1       0.019      0.009      0.008      0.046
    Category > 2       0.024      0.017      0.006      0.094
 SSAF4R
    Category > 1       0.011      0.008      0.003      0.048
    Category > 2       0.031      0.016      0.011      0.086
 SSAF7
    Category > 1       0.019      0.019      0.003      0.134
    Category > 2       0.039      0.017      0.016      0.093
 SSAF11
    Category > 1       0.001      0.013      0.000  20503.531
    Category > 2       0.031      0.013      0.014      0.071
 AUS3
    Category > 1       0.140      0.068      0.055      0.362
    Category > 2       0.192      0.128      0.052      0.709
 AUS2R
    Category > 1       0.000      0.000      0.000      0.000
    Category > 2       0.000      0.000      0.000      0.000
 AUS5
    Category > 1       0.301      0.108      0.149      0.610
    Category > 2       0.410      0.130      0.220      0.765
 AUS6R
    Category > 1       0.303      0.106      0.153      0.601
    Category > 2       0.348      0.170      0.134      0.905

Latent Class 3 Compared to Latent Class 4

 SSAF2R
    Category > 1       2.005      0.920      0.816      4.927
    Category > 2       2.483      0.829      1.290      4.779
 SSAF4R
    Category > 1   59668.535      0.000  59668.531  59668.531
    Category > 2      10.026      8.724      1.822     55.181
 SSAF7
    Category > 1   17081.682      0.000  17081.680  17081.680
    Category > 2   *********      0.000  *********  *********
 SSAF11
    Category > 1       0.192      1.614      0.000  *********
    Category > 2       1.315      0.546      0.583      2.969
 AUS3
    Category > 1      37.628     27.395      9.032    156.759
    Category > 2      33.006     12.294     15.904     68.495
 AUS2R
    Category > 1      32.795     10.558     17.449     61.638
    Category > 2      75.983     41.242     26.224    220.159
 AUS5
    Category > 1       4.105      1.417      2.087      8.076
    Category > 2       9.235      2.751      5.150     16.560
 AUS6R
    Category > 1      21.191      9.076      9.154     49.058
    Category > 2      19.725      5.850     11.030     35.277


RESIDUAL OUTPUT


     RESIDUAL OUTPUT IS NOT AVAILABLE FOR THIS MODEL.  ADDITIONAL OUTPUT FOR
     CATEGORICAL, COUNT, AND NOMINAL VARIABLES MAY BE AVAILABLE USING TECH10.


TECHNICAL 11 OUTPUT

     Random Starts Specifications for the k-1 Class Analysis Model
        Number of initial stage random starts                1000
        Number of final stage optimizations                   100



     VUONG-LO-MENDELL-RUBIN LIKELIHOOD RATIO TEST FOR 3 (H0) VERSUS 4 CLASSES

          H0 Loglikelihood Value                        -4890.174
          2 Times the Loglikelihood Difference            173.555
          Difference in the Number of Parameters               17
          Mean                                             16.312
          Standard Deviation                               24.704
          P-Value                                          0.0000

     LO-MENDELL-RUBIN ADJUSTED LRT TEST

          Value                                           172.051
          P-Value                                          0.0000


TECHNICAL 14 OUTPUT

     Random Starts Specifications for the k-1 Class Analysis Model
        Number of initial stage random starts                1000
        Number of final stage optimizations                   100

     Random Starts Specification for the k-1 Class Model for Generated Data
        Number of initial stage random starts                   0
        Number of final stage optimizations for the
           initial stage random starts                          0
     Random Starts Specification for the k Class Model for Generated Data
        Number of initial stage random starts                  40
        Number of final stage optimizations                     8
     Number of bootstrap draws requested                   Varies


     PARAMETRIC BOOTSTRAPPED LIKELIHOOD RATIO TEST FOR 3 (H0) VERSUS 4 CLASSES

          H0 Loglikelihood Value                        -4890.174
          2 Times the Loglikelihood Difference            173.555
          Difference in the Number of Parameters               17
          Approximate P-Value                              0.0000
          Successful Bootstrap Draws                            5


PLOT INFORMATION

The following plots are available:

  Histograms (sample values)
  Scatterplots (sample values)
  Sample proportions and estimated probabilities

     Beginning Time:  19:41:02
        Ending Time:  19:41:11
       Elapsed Time:  00:00:09



MUTHEN & MUTHEN
3463 Stoner Ave.
Los Angeles, CA  90066

Tel: (310) 391-9971
Fax: (310) 391-8971
Web: www.StatModel.com
Support: Support@StatModel.com

Copyright (c) 1998-2024 Muthen & Muthen
