Mplus VERSION 8.11 (Mac)
MUTHEN & MUTHEN
05/01/2025   7:41 PM

INPUT INSTRUCTIONS

  TITLE:
  6-Class LCA for Belonging Variables
  DATA:
  FILE = "/Users/brucecarter/Library/CloudStorage/Box-Box/Belonging-S&D/enum/belonging.dat";

  VARIABLE:
  NAMES = SSAF2R SSAF4R SSAF7 SSAF11 AUS3 AUS2R AUS5 AUS6R;
   MISSING=.;
   categorical = SSAF2R SSAF4R SSAF7 SSAF11 AUS3 AUS2R AUS5 AUS6R;
  usevar = SSAF2R SSAF4R SSAF7 SSAF11 AUS3 AUS2R AUS5 AUS6R;
  missing = all(999);
  classes = c(6);
  ANALYSIS:

        estimator = mlr;
        type = mixture;
        starts = 1000 100;
        processors = 10;
  OUTPUT:
  sampstat; residual; tech11; tech14;
  PLOT:

        type = plot3;
        series = SSAF2R SSAF4R SSAF7 SSAF11 AUS3 AUS2R AUS5 AUS6R(*);



*** WARNING in OUTPUT command
  SAMPSTAT option is not available when all outcomes are censored, ordered
  categorical, unordered categorical (nominal), count or continuous-time
  survival variables.  Request for SAMPSTAT is ignored.
   1 WARNING(S) FOUND IN THE INPUT INSTRUCTIONS




6-Class LCA for Belonging Variables

SUMMARY OF ANALYSIS

Number of groups                                                 1
Number of observations                                         837

Number of dependent variables                                    8
Number of independent variables                                  0
Number of continuous latent variables                            0
Number of categorical latent variables                           1

Observed dependent variables

  Binary and ordered categorical (ordinal)
   SSAF2R      SSAF4R      SSAF7       SSAF11      AUS3        AUS2R
   AUS5        AUS6R

Categorical latent variables
   C


Estimator                                                      MLR
Information matrix                                        OBSERVED
Optimization Specifications for the Quasi-Newton Algorithm for
Continuous Outcomes
  Maximum number of iterations                                 100
  Convergence criterion                                  0.100D-05
Optimization Specifications for the EM Algorithm
  Maximum number of iterations                                 500
  Convergence criteria
    Loglikelihood change                                 0.100D-06
    Relative loglikelihood change                        0.100D-06
    Derivative                                           0.100D-05
Optimization Specifications for the M step of the EM Algorithm for
Categorical Latent variables
  Number of M step iterations                                    1
  M step convergence criterion                           0.100D-05
  Basis for M step termination                           ITERATION
Optimization Specifications for the M step of the EM Algorithm for
Censored, Binary or Ordered Categorical (Ordinal), Unordered
Categorical (Nominal) and Count Outcomes
  Number of M step iterations                                    1
  M step convergence criterion                           0.100D-05
  Basis for M step termination                           ITERATION
  Maximum value for logit thresholds                            15
  Minimum value for logit thresholds                           -15
  Minimum expected cell size for chi-square              0.100D-01
Maximum number of iterations for H1                           2000
Convergence criterion for H1                             0.100D-03
Optimization algorithm                                         EMA
Random Starts Specifications
  Number of initial stage random starts                       1000
  Number of final stage optimizations                          100
  Number of initial stage iterations                            10
  Initial stage convergence criterion                    0.100D+01
  Random starts scale                                    0.500D+01
  Random seed for generating random starts                       0
Link                                                         LOGIT

Input data file(s)
  /Users/brucecarter/Library/CloudStorage/Box-Box/Belonging-S&D/enum/belonging.d
Input data format  FREE


SUMMARY OF DATA

     Number of missing data patterns             1
     Number of y missing data patterns           0
     Number of u missing data patterns           1


COVARIANCE COVERAGE OF DATA

Minimum covariance coverage value   0.100


UNIVARIATE PROPORTIONS AND COUNTS FOR CATEGORICAL VARIABLES

    SSAF2R
      Category 1    0.239          200.000
      Category 2    0.123          103.000
      Category 3    0.638          534.000
    SSAF4R
      Category 1    0.142          119.000
      Category 2    0.134          112.000
      Category 3    0.724          606.000
    SSAF7
      Category 1    0.050           42.000
      Category 2    0.097           81.000
      Category 3    0.853          714.000
    SSAF11
      Category 1    0.057           48.000
      Category 2    0.186          156.000
      Category 3    0.756          633.000
    AUS3
      Category 1    0.234          196.000
      Category 2    0.219          183.000
      Category 3    0.547          458.000
    AUS2R
      Category 1    0.570          477.000
      Category 2    0.098           82.000
      Category 3    0.332          278.000
    AUS5
      Category 1    0.166          139.000
      Category 2    0.170          142.000
      Category 3    0.664          556.000
    AUS6R
      Category 1    0.299          250.000
      Category 2    0.179          150.000
      Category 3    0.522          437.000


RANDOM STARTS RESULTS RANKED FROM THE BEST TO THE WORST LOGLIKELIHOOD VALUES

Final stage loglikelihood values at local maxima, seeds, and initial stage start numbers:

           -4735.451  471040           403
           -4735.451  371246           101
           -4735.451  15270            610
           -4735.451  294811           637
           -4735.451  920593           611
           -4735.451  434915           552
           -4735.451  247224           94
           -4735.451  605161           409
           -4735.451  641794           591
           -4735.451  715255           523
           -4735.451  603842           61
           -4735.451  322790           636
           -4735.451  722748           346
           -4735.912  822698           621
           -4735.912  502157           799
           -4735.912  182524           373
           -4735.916  220454           288
           -4736.858  797594           234
           -4741.250  879338           309
           -4745.530  779820           877
           -4745.530  699834           723

79 perturbed starting value run(s) did not converge or were rejected in the third stage.



THE BEST LOGLIKELIHOOD VALUE HAS BEEN REPLICATED.  RERUN WITH AT LEAST TWICE THE
RANDOM STARTS TO CHECK THAT THE BEST LOGLIKELIHOOD IS STILL OBTAINED AND REPLICATED.

     IN THE OPTIMIZATION, ONE OR MORE LOGIT THRESHOLDS APPROACHED EXTREME VALUES
     OF -15.000 AND 15.000 AND WERE FIXED TO STABILIZE MODEL ESTIMATION.  THESE
     VALUES IMPLY PROBABILITIES OF 0 AND 1.  IN THE MODEL RESULTS SECTION, THESE
     PARAMETERS HAVE 0 STANDARD ERRORS AND 999 IN THE Z-SCORE AND P-VALUE COLUMNS.




THE MODEL ESTIMATION TERMINATED NORMALLY



MODEL FIT INFORMATION

Number of Free Parameters                      101

Loglikelihood

          H0 Value                       -4735.451
          H0 Scaling Correction Factor      1.0934
            for MLR

Information Criteria

          Akaike (AIC)                    9672.902
          Bayesian (BIC)                 10150.614
          Sample-Size Adjusted BIC        9829.872
            (n* = (n + 2) / 24)

Chi-Square Test of Model Fit for the Binary and Ordered Categorical
(Ordinal) Outcomes**

          Pearson Chi-Square

          Value                           3186.975
          Degrees of Freedom                  6449
          P-Value                           1.0000

          Likelihood Ratio Chi-Square

          Value                           1162.016
          Degrees of Freedom                  6449
          P-Value                           1.0000

** Of the 6561 cells in the latent class indicator table, 10
   were deleted in the calculation of chi-square due to extreme values.



FINAL CLASS COUNTS AND PROPORTIONS FOR THE LATENT CLASSES
BASED ON THE ESTIMATED MODEL

    Latent
   Classes

       1         34.32171          0.04101
       2        293.52476          0.35069
       3         88.50193          0.10574
       4         68.10619          0.08137
       5         69.63429          0.08320
       6        282.91111          0.33801


FINAL CLASS COUNTS AND PROPORTIONS FOR THE LATENT CLASSES
BASED ON ESTIMATED POSTERIOR PROBABILITIES

    Latent
   Classes

       1         34.32171          0.04101
       2        293.52476          0.35069
       3         88.50193          0.10574
       4         68.10619          0.08137
       5         69.63429          0.08320
       6        282.91111          0.33801


FINAL CLASS COUNTS AND PROPORTIONS FOR THE LATENT CLASSES
BASED ON THEIR MOST LIKELY LATENT CLASS MEMBERSHIP

Class Counts and Proportions

    Latent
   Classes

       1               34          0.04062
       2              305          0.36440
       3               86          0.10275
       4               57          0.06810
       5               69          0.08244
       6              286          0.34170


CLASSIFICATION QUALITY

     Entropy                         0.823


Average Latent Class Probabilities for Most Likely Latent Class Membership (Row)
by Latent Class (Column)

           1        2        3        4        5        6

    1   0.887    0.001    0.058    0.030    0.023    0.000
    2   0.000    0.869    0.017    0.046    0.007    0.062
    3   0.020    0.032    0.899    0.037    0.012    0.000
    4   0.009    0.079    0.058    0.821    0.031    0.001
    5   0.027    0.034    0.012    0.042    0.839    0.046
    6   0.000    0.066    0.000    0.001    0.022    0.911


Classification Probabilities for the Most Likely Latent Class Membership (Column)
by Latent Class (Row)

           1        2        3        4        5        6

    1   0.879    0.001    0.051    0.015    0.054    0.000
    2   0.000    0.903    0.009    0.015    0.008    0.064
    3   0.022    0.057    0.874    0.037    0.010    0.000
    4   0.015    0.204    0.047    0.687    0.043    0.004
    5   0.011    0.029    0.015    0.025    0.831    0.089
    6   0.000    0.067    0.000    0.000    0.011    0.921


Logits for the Classification Probabilities for the Most Likely Latent Class Membership (Column)
by Latent Class (Row)

              1        2        3        4        5        6

    1     13.686    6.509   10.837    9.639   10.900    0.000
    2     -6.559    2.643   -1.936   -1.428   -2.076    0.000
    3      7.056    7.986   10.717    7.568    6.201    0.000
    4      1.324    3.920    2.449    5.135    2.360    0.000
    5     -2.064   -1.124   -1.805   -1.248    2.237    0.000
    6    -13.734   -2.618  -10.261   -8.361   -4.418    0.000


MODEL RESULTS

                                                    Two-Tailed
                    Estimate       S.E.  Est./S.E.    P-Value

Latent Class 1

 Thresholds
    SSAF2R$1           1.616      0.643      2.512      0.012
    SSAF2R$2           2.900      1.272      2.279      0.023
    SSAF4R$1           0.287      0.483      0.593      0.553
    SSAF4R$2          15.000      0.000    999.000    999.000
    SSAF7$1           -0.753      0.443     -1.699      0.089
    SSAF7$2            2.519      0.974      2.587      0.010
    SSAF11$1          -0.845      0.450     -1.876      0.061
    SSAF11$2          15.000      0.000    999.000    999.000
    AUS3$1            -1.230      0.546     -2.254      0.024
    AUS3$2             1.447      0.814      1.779      0.075
    AUS2R$1            0.169      0.427      0.397      0.692
    AUS2R$2            1.168      0.459      2.543      0.011
    AUS5$1            -3.233      1.164     -2.778      0.005
    AUS5$2             0.655      0.520      1.260      0.208
    AUS6R$1           -1.645      0.705     -2.334      0.020
    AUS6R$2            0.102      0.428      0.238      0.812

Latent Class 2

 Thresholds
    SSAF2R$1          -2.621      0.436     -6.012      0.000
    SSAF2R$2          -1.692      0.410     -4.123      0.000
    SSAF4R$1          -4.019      0.643     -6.248      0.000
    SSAF4R$2          -2.473      0.427     -5.789      0.000
    SSAF7$1           -5.281      1.045     -5.055      0.000
    SSAF7$2           -3.110      0.407     -7.636      0.000
    SSAF11$1         -15.000      0.000    999.000    999.000
    SSAF11$2          -2.393      0.302     -7.915      0.000
    AUS3$1            -0.710      0.186     -3.825      0.000
    AUS3$2             0.860      0.196      4.379      0.000
    AUS2R$1            1.855      0.304      6.102      0.000
    AUS2R$2            3.092      0.508      6.088      0.000
    AUS5$1            -1.248      0.186     -6.724      0.000
    AUS5$2            -0.084      0.154     -0.544      0.586
    AUS6R$1           -0.292      0.166     -1.764      0.078
    AUS6R$2            0.719      0.184      3.908      0.000

Latent Class 3

 Thresholds
    SSAF2R$1           1.630      0.383      4.253      0.000
    SSAF2R$2           2.202      0.495      4.444      0.000
    SSAF4R$1           0.477      0.293      1.629      0.103
    SSAF4R$2           1.196      0.372      3.216      0.001
    SSAF7$1           -1.215      0.295     -4.120      0.000
    SSAF7$2            0.034      0.270      0.127      0.899
    SSAF11$1          -0.832      0.279     -2.980      0.003
    SSAF11$2           1.189      0.364      3.270      0.001
    AUS3$1             1.627      0.446      3.645      0.000
    AUS3$2             2.329      0.581      4.008      0.000
    AUS2R$1           15.000      0.000    999.000    999.000
    AUS2R$2           15.000      0.000    999.000    999.000
    AUS5$1             0.270      0.287      0.940      0.347
    AUS5$2             0.833      0.305      2.730      0.006
    AUS6R$1            1.235      0.324      3.816      0.000
    AUS6R$2            2.037      0.439      4.645      0.000

Latent Class 4

 Thresholds
    SSAF2R$1          -0.387      0.596     -0.650      0.516
    SSAF2R$2           2.600      2.029      1.281      0.200
    SSAF4R$1          -1.682      0.638     -2.635      0.008
    SSAF4R$2           1.161      0.981      1.183      0.237
    SSAF7$1          -15.000      0.000    999.000    999.000
    SSAF7$2           -2.048      0.564     -3.631      0.000
    SSAF11$1         -15.000      0.000    999.000    999.000
    SSAF11$2          -0.722      0.431     -1.676      0.094
    AUS3$1            -1.566      0.673     -2.327      0.020
    AUS3$2             0.533      0.578      0.924      0.356
    AUS2R$1            1.298      0.480      2.704      0.007
    AUS2R$2            3.320      1.290      2.573      0.010
    AUS5$1            -3.257      2.401     -1.356      0.175
    AUS5$2            -0.452      0.400     -1.130      0.259
    AUS6R$1           -0.088      0.548     -0.161      0.872
    AUS6R$2            2.132      1.901      1.122      0.262

Latent Class 5

 Thresholds
    SSAF2R$1           0.280      0.526      0.533      0.594
    SSAF2R$2           1.456      0.465      3.132      0.002
    SSAF4R$1          -0.342      0.521     -0.656      0.512
    SSAF4R$2           0.991      0.467      2.121      0.034
    SSAF7$1           -1.873      0.557     -3.360      0.001
    SSAF7$2           -0.523      0.448     -1.167      0.243
    SSAF11$1          -1.769      0.529     -3.342      0.001
    SSAF11$2           0.130      0.399      0.326      0.745
    AUS3$1            -3.292      1.072     -3.071      0.002
    AUS3$2            -3.292      1.072     -3.071      0.002
    AUS2R$1           -1.325      0.598     -2.217      0.027
    AUS2R$2           -0.828      0.495     -1.674      0.094
    AUS5$1            -3.386      1.260     -2.688      0.007
    AUS5$2            -2.679      0.769     -3.484      0.000
    AUS6R$1           -2.038      0.524     -3.892      0.000
    AUS6R$2           -1.188      0.370     -3.212      0.001

Latent Class 6

 Thresholds
    SSAF2R$1          -3.278      0.450     -7.281      0.000
    SSAF2R$2          -2.321      0.307     -7.561      0.000
    SSAF4R$1         -15.000      0.000    999.000    999.000
    SSAF4R$2          -4.453      0.984     -4.527      0.000
    SSAF7$1          -15.000      0.000    999.000    999.000
    SSAF7$2          -15.000      0.000    999.000    999.000
    SSAF11$1          -6.010      1.489     -4.035      0.000
    SSAF11$2          -2.694      0.301     -8.951      0.000
    AUS3$1            -4.461      0.809     -5.517      0.000
    AUS3$2            -2.638      0.386     -6.837      0.000
    AUS2R$1           -1.589      0.253     -6.270      0.000
    AUS2R$2           -0.990      0.206     -4.802      0.000
    AUS5$1            -2.736      0.301     -9.100      0.000
    AUS5$2            -2.327      0.282     -8.264      0.000
    AUS6R$1           -3.324      0.444     -7.485      0.000
    AUS6R$2           -2.163      0.273     -7.908      0.000

Categorical Latent Variables

 Means
    C#1               -2.109      0.251     -8.397      0.000
    C#2                0.037      0.170      0.217      0.828
    C#3               -1.162      0.165     -7.046      0.000
    C#4               -1.424      0.424     -3.359      0.001
    C#5               -1.402      0.265     -5.282      0.000


QUALITY OF NUMERICAL RESULTS

     Condition Number for the Information Matrix              0.187E-02
       (ratio of smallest to largest eigenvalue)


RESULTS IN PROBABILITY SCALE

                                                    Two-Tailed
                    Estimate       S.E.  Est./S.E.    P-Value

Latent Class 1

 SSAF2R
    Category 1         0.834      0.089      9.375      0.000
    Category 2         0.114      0.062      1.836      0.066
    Category 3         0.052      0.063      0.829      0.407
 SSAF4R
    Category 1         0.571      0.118      4.828      0.000
    Category 2         0.429      0.118      3.625      0.000
    Category 3         0.000      0.000      0.000      1.000
 SSAF7
    Category 1         0.320      0.096      3.322      0.001
    Category 2         0.605      0.099      6.107      0.000
    Category 3         0.075      0.067      1.110      0.267
 SSAF11
    Category 1         0.301      0.095      3.176      0.001
    Category 2         0.699      0.095      7.390      0.000
    Category 3         0.000      0.000      0.000      1.000
 AUS3
    Category 1         0.226      0.096      2.369      0.018
    Category 2         0.583      0.113      5.140      0.000
    Category 3         0.190      0.125      1.518      0.129
 AUS2R
    Category 1         0.542      0.106      5.118      0.000
    Category 2         0.221      0.086      2.579      0.010
    Category 3         0.237      0.083      2.855      0.004
 AUS5
    Category 1         0.038      0.042      0.893      0.372
    Category 2         0.620      0.118      5.237      0.000
    Category 3         0.342      0.117      2.923      0.003
 AUS6R
    Category 1         0.162      0.096      1.693      0.091
    Category 2         0.364      0.115      3.164      0.002
    Category 3         0.475      0.107      4.447      0.000

Latent Class 2

 SSAF2R
    Category 1         0.068      0.028      2.460      0.014
    Category 2         0.088      0.038      2.294      0.022
    Category 3         0.845      0.054     15.671      0.000
 SSAF4R
    Category 1         0.018      0.011      1.582      0.114
    Category 2         0.060      0.026      2.323      0.020
    Category 3         0.922      0.031     30.099      0.000
 SSAF7
    Category 1         0.005      0.005      0.962      0.336
    Category 2         0.038      0.016      2.376      0.017
    Category 3         0.957      0.017     57.501      0.000
 SSAF11
    Category 1         0.000      0.000      0.000      1.000
    Category 2         0.084      0.023      3.609      0.000
    Category 3         0.916      0.023     39.518      0.000
 AUS3
    Category 1         0.330      0.041      8.040      0.000
    Category 2         0.373      0.035     10.625      0.000
    Category 3         0.297      0.041      7.244      0.000
 AUS2R
    Category 1         0.865      0.036     24.316      0.000
    Category 2         0.092      0.027      3.436      0.001
    Category 3         0.043      0.021      2.058      0.040
 AUS5
    Category 1         0.223      0.032      6.935      0.000
    Category 2         0.256      0.031      8.188      0.000
    Category 3         0.521      0.038     13.541      0.000
 AUS6R
    Category 1         0.427      0.041     10.545      0.000
    Category 2         0.245      0.029      8.412      0.000
    Category 3         0.328      0.041      8.088      0.000

Latent Class 3

 SSAF2R
    Category 1         0.836      0.052     15.926      0.000
    Category 2         0.064      0.033      1.930      0.054
    Category 3         0.100      0.044      2.241      0.025
 SSAF4R
    Category 1         0.617      0.069      8.919      0.000
    Category 2         0.151      0.047      3.174      0.002
    Category 3         0.232      0.066      3.504      0.000
 SSAF7
    Category 1         0.229      0.052      4.396      0.000
    Category 2         0.280      0.057      4.945      0.000
    Category 3         0.491      0.068      7.280      0.000
 SSAF11
    Category 1         0.303      0.059      5.144      0.000
    Category 2         0.463      0.064      7.280      0.000
    Category 3         0.233      0.065      3.587      0.000
 AUS3
    Category 1         0.836      0.061     13.643      0.000
    Category 2         0.075      0.040      1.876      0.061
    Category 3         0.089      0.047      1.888      0.059
 AUS2R
    Category 1         1.000      0.000      0.000      1.000
    Category 2         0.000      0.000      0.000      1.000
    Category 3         0.000      0.000      0.000      1.000
 AUS5
    Category 1         0.567      0.071      8.038      0.000
    Category 2         0.130      0.048      2.699      0.007
    Category 3         0.303      0.064      4.705      0.000
 AUS6R
    Category 1         0.775      0.057     13.713      0.000
    Category 2         0.110      0.042      2.623      0.009
    Category 3         0.115      0.045      2.578      0.010

Latent Class 4

 SSAF2R
    Category 1         0.404      0.144      2.817      0.005
    Category 2         0.526      0.096      5.479      0.000
    Category 3         0.069      0.131      0.529      0.597
 SSAF4R
    Category 1         0.157      0.084      1.858      0.063
    Category 2         0.605      0.151      4.011      0.000
    Category 3         0.238      0.178      1.338      0.181
 SSAF7
    Category 1         0.000      0.000      0.000      1.000
    Category 2         0.114      0.057      2.001      0.045
    Category 3         0.886      0.057     15.520      0.000
 SSAF11
    Category 1         0.000      0.000      0.000      1.000
    Category 2         0.327      0.095      3.451      0.001
    Category 3         0.673      0.095      7.101      0.000
 AUS3
    Category 1         0.173      0.096      1.796      0.072
    Category 2         0.457      0.101      4.530      0.000
    Category 3         0.370      0.135      2.747      0.006
 AUS2R
    Category 1         0.786      0.081      9.711      0.000
    Category 2         0.180      0.076      2.361      0.018
    Category 3         0.035      0.043      0.803      0.422
 AUS5
    Category 1         0.037      0.086      0.432      0.665
    Category 2         0.352      0.125      2.807      0.005
    Category 3         0.611      0.095      6.431      0.000
 AUS6R
    Category 1         0.478      0.137      3.494      0.000
    Category 2         0.416      0.123      3.371      0.001
    Category 3         0.106      0.180      0.589      0.556

Latent Class 5

 SSAF2R
    Category 1         0.570      0.129      4.418      0.000
    Category 2         0.241      0.109      2.205      0.027
    Category 3         0.189      0.071      2.653      0.008
 SSAF4R
    Category 1         0.415      0.126      3.284      0.001
    Category 2         0.314      0.089      3.521      0.000
    Category 3         0.271      0.092      2.934      0.003
 SSAF7
    Category 1         0.133      0.064      2.070      0.038
    Category 2         0.239      0.069      3.449      0.001
    Category 3         0.628      0.105      5.995      0.000
 SSAF11
    Category 1         0.146      0.066      2.212      0.027
    Category 2         0.387      0.081      4.779      0.000
    Category 3         0.468      0.099      4.704      0.000
 AUS3
    Category 1         0.036      0.037      0.968      0.333
    Category 2         0.000      0.000      1.005      0.315
    Category 3         0.964      0.037     26.015      0.000
 AUS2R
    Category 1         0.210      0.099      2.118      0.034
    Category 2         0.094      0.049      1.918      0.055
    Category 3         0.696      0.105      6.649      0.000
 AUS5
    Category 1         0.033      0.040      0.821      0.412
    Category 2         0.031      0.029      1.104      0.270
    Category 3         0.936      0.046     20.251      0.000
 AUS6R
    Category 1         0.115      0.053      2.158      0.031
    Category 2         0.118      0.054      2.184      0.029
    Category 3         0.766      0.066     11.574      0.000

Latent Class 6

 SSAF2R
    Category 1         0.036      0.016      2.305      0.021
    Category 2         0.053      0.018      2.970      0.003
    Category 3         0.911      0.025     36.449      0.000
 SSAF4R
    Category 1         0.000      0.000      0.000      1.000
    Category 2         0.012      0.011      1.029      0.304
    Category 3         0.988      0.011     88.340      0.000
 SSAF7
    Category 1         0.000      0.000      0.000      1.000
    Category 2         0.000      0.000      0.000      1.000
    Category 3         1.000      0.000      0.000      1.000
 SSAF11
    Category 1         0.002      0.004      0.673      0.501
    Category 2         0.061      0.017      3.493      0.000
    Category 3         0.937      0.018     52.465      0.000
 AUS3
    Category 1         0.011      0.009      1.251      0.211
    Category 2         0.055      0.021      2.600      0.009
    Category 3         0.933      0.024     38.840      0.000
 AUS2R
    Category 1         0.169      0.036      4.750      0.000
    Category 2         0.101      0.022      4.600      0.000
    Category 3         0.729      0.041     17.906      0.000
 AUS5
    Category 1         0.061      0.017      3.542      0.000
    Category 2         0.028      0.014      2.000      0.046
    Category 3         0.911      0.023     39.938      0.000
 AUS6R
    Category 1         0.035      0.015      2.333      0.020
    Category 2         0.068      0.020      3.415      0.001
    Category 3         0.897      0.025     35.449      0.000


LATENT CLASS INDICATOR ODDS RATIOS FOR THE LATENT CLASSES

                                                95% C.I.
                    Estimate       S.E.  Lower 2.5% Upper 2.5%

Latent Class 1 Compared to Latent Class 2

 SSAF2R
    Category > 1       0.014      0.011      0.003      0.067
    Category > 2       0.010      0.014      0.001      0.145
 SSAF4R
    Category > 1       0.013      0.011      0.003      0.067
    Category > 2       0.000      0.000      0.000      0.000
 SSAF7
    Category > 1       0.011      0.012      0.001      0.098
    Category > 2       0.004      0.004      0.000      0.027
 SSAF11
    Category > 1       0.000      0.000      0.000      0.000
    Category > 2       0.000      0.000      0.000      0.000
 AUS3
    Category > 1       1.682      0.967      0.545      5.189
    Category > 2       0.556      0.463      0.109      2.844
 AUS2R
    Category > 1       5.397      2.775      1.969     14.788
    Category > 2       6.852      4.656      1.809     25.957
 AUS5
    Category > 1       7.279      8.549      0.728     72.749
    Category > 2       0.478      0.255      0.168      1.359
 AUS6R
    Category > 1       3.869      2.807      0.934     16.038
    Category > 2       1.853      0.853      0.752      4.568

Latent Class 1 Compared to Latent Class 3

 SSAF2R
    Category > 1       1.014      0.803      0.215      4.783
    Category > 2       0.498      0.700      0.032      7.852
 SSAF4R
    Category > 1       1.210      0.725      0.374      3.914
    Category > 2       0.000      0.000      0.000      0.000
 SSAF7
    Category > 1       0.630      0.343      0.216      1.832
    Category > 2       0.083      0.084      0.012      0.600
 SSAF11
    Category > 1       1.013      0.558      0.344      2.982
    Category > 2       0.000      0.000      0.000      0.000
 AUS3
    Category > 1      17.409     12.844      4.100     73.928
    Category > 2       2.416      2.459      0.328     17.765
 AUS2R
    Category > 1   *********      0.000  *********  *********
    Category > 2   *********      0.000  *********  *********
 AUS5
    Category > 1      33.216     39.765      3.179    347.041
    Category > 2       1.194      0.771      0.337      4.234
 AUS6R
    Category > 1      17.826     14.447      3.641     87.283
    Category > 2       6.923      4.483      1.946     24.635

Latent Class 1 Compared to Latent Class 4

 SSAF2R
    Category > 1       0.135      0.125      0.022      0.835
    Category > 2       0.741      1.938      0.004    124.542
 SSAF4R
    Category > 1       0.140      0.117      0.027      0.717
    Category > 2       0.000      0.000      0.000      0.000
 SSAF7
    Category > 1       0.000      0.000      0.000      0.000
    Category > 2       0.010      0.012      0.001      0.100
 SSAF11
    Category > 1       0.000      0.000      0.000      0.000
    Category > 2       0.000      0.000      0.000      0.000
 AUS3
    Category > 1       0.715      0.641      0.123      4.150
    Category > 2       0.401      0.451      0.044      3.627
 AUS2R
    Category > 1       3.092      2.044      0.846     11.299
    Category > 2       8.603     12.253      0.528    140.283
 AUS5
    Category > 1       0.976      2.687      0.004    215.342
    Category > 2       0.331      0.225      0.087      1.257
 AUS6R
    Category > 1       4.744      4.169      0.847     26.557
    Category > 2       7.615     15.333      0.147    394.200

Latent Class 1 Compared to Latent Class 5

 SSAF2R
    Category > 1       0.263      0.240      0.044      1.577
    Category > 2       0.236      0.348      0.013      4.254
 SSAF4R
    Category > 1       0.534      0.435      0.108      2.641
    Category > 2       0.000      0.000      0.000      0.000
 SSAF7
    Category > 1       0.326      0.251      0.072      1.478
    Category > 2       0.048      0.051      0.006      0.381
 SSAF11
    Category > 1       0.397      0.283      0.098      1.606
    Category > 2       0.000      0.000      0.000      0.000
 AUS3
    Category > 1       0.127      0.171      0.009      1.771
    Category > 2       0.009      0.013      0.000      0.176
 AUS2R
    Category > 1       0.224      0.170      0.051      0.989
    Category > 2       0.136      0.095      0.035      0.532
 AUS5
    Category > 1       0.858      1.443      0.032     23.149
    Category > 2       0.036      0.035      0.005      0.243
 AUS6R
    Category > 1       0.675      0.631      0.108      4.220
    Category > 2       0.275      0.157      0.090      0.841

Latent Class 1 Compared to Latent Class 6

 SSAF2R
    Category > 1       0.007      0.006      0.002      0.036
    Category > 2       0.005      0.007      0.000      0.074
 SSAF4R
    Category > 1       0.000      0.000      0.000      0.000
    Category > 2       0.000      0.000      0.000      0.000
 SSAF7
    Category > 1       0.000      0.000      0.000      0.000
    Category > 2       0.000      0.000      0.000      0.000
 SSAF11
    Category > 1       0.006      0.009      0.000      0.121
    Category > 2       0.000      0.000      0.000      0.000
 AUS3
    Category > 1       0.040      0.038      0.006      0.257
    Category > 2       0.017      0.015      0.003      0.096
 AUS2R
    Category > 1       0.172      0.085      0.065      0.455
    Category > 2       0.116      0.058      0.043      0.310
 AUS5
    Category > 1       1.644      1.980      0.155     17.418
    Category > 2       0.051      0.030      0.016      0.164
 AUS6R
    Category > 1       0.187      0.155      0.037      0.950
    Category > 2       0.104      0.053      0.038      0.281

Latent Class 2 Compared to Latent Class 3

 SSAF2R
    Category > 1      70.171     37.849     24.379    201.974
    Category > 2      49.110     30.493     14.543    165.841
 SSAF4R
    Category > 1      89.713     62.781     22.760    353.621
    Category > 2      39.200     22.156     12.947    118.683
 SSAF7
    Category > 1      58.278     63.669      6.848    495.977
    Category > 2      23.199     10.766      9.342     57.609
 SSAF11
    Category > 1   *********      0.000  *********  *********
    Category > 2      35.959     15.938     15.085     85.719
 AUS3
    Category > 1      10.351      5.130      3.918     27.342
    Category > 2       4.345      2.662      1.308     14.438
 AUS2R
    Category > 1   *********      0.000  *********  *********
    Category > 2   *********      0.000  *********  *********
 AUS5
    Category > 1       4.563      1.626      2.270      9.174
    Category > 2       2.501      0.894      1.240      5.041
 AUS6R
    Category > 1       4.607      1.652      2.281      9.305
    Category > 2       3.736      1.789      1.462      9.552

Latent Class 2 Compared to Latent Class 4

 SSAF2R
    Category > 1       9.339      7.000      2.149     40.580
    Category > 2      73.135    139.951      1.719   3111.832
 SSAF4R
    Category > 1      10.353      9.078      1.857     57.736
    Category > 2      37.876     34.666      6.299    227.739
 SSAF7
    Category > 1       0.000      0.000      0.000      0.000
    Category > 2       2.891      2.190      0.655     12.762
 SSAF11
    Category > 1       1.000      0.000      1.000      1.000
    Category > 2       5.321      2.726      1.950     14.522
 AUS3
    Category > 1       0.425      0.318      0.098      1.840
    Category > 2       0.721      0.470      0.201      2.586
 AUS2R
    Category > 1       0.573      0.361      0.166      1.972
    Category > 2       1.256      1.808      0.075     21.126
 AUS5
    Category > 1       0.134      0.324      0.001     15.199
    Category > 2       0.692      0.326      0.275      1.741
 AUS6R
    Category > 1       1.226      0.764      0.362      4.156
    Category > 2       4.110      8.116      0.086    197.165

Latent Class 2 Compared to Latent Class 5

 SSAF2R
    Category > 1      18.202     12.555      4.710     70.345
    Category > 2      23.287     14.309      6.984     77.651
 SSAF4R
    Category > 1      39.560     34.394      7.198    217.427
    Category > 2      31.949     20.317      9.187    111.114
 SSAF7
    Category > 1      30.192     35.355      3.042    299.695
    Category > 2      13.289      7.965      4.105     43.024
 SSAF11
    Category > 1   *********      0.000  *********  *********
    Category > 2      12.468      6.497      4.490     34.624
 AUS3
    Category > 1       0.076      0.082      0.009      0.640
    Category > 2       0.016      0.017      0.002      0.131
 AUS2R
    Category > 1       0.042      0.030      0.010      0.169
    Category > 2       0.020      0.015      0.005      0.083
 AUS5
    Category > 1       0.118      0.151      0.010      1.440
    Category > 2       0.075      0.059      0.016      0.352
 AUS6R
    Category > 1       0.175      0.097      0.059      0.518
    Category > 2       0.149      0.062      0.066      0.335

Latent Class 2 Compared to Latent Class 6

 SSAF2R
    Category > 1       0.518      0.341      0.143      1.884
    Category > 2       0.533      0.289      0.184      1.544
 SSAF4R
    Category > 1       0.000      0.000      0.000      0.000
    Category > 2       0.138      0.160      0.014      1.330
 SSAF7
    Category > 1       0.000      0.000      0.000      0.000
    Category > 2       0.000      0.000      0.000      0.000
 SSAF11
    Category > 1    8021.285      0.000   8021.285   8021.285
    Category > 2       0.740      0.334      0.306      1.792
 AUS3
    Category > 1       0.023      0.019      0.005      0.118
    Category > 2       0.030      0.012      0.014      0.067
 AUS2R
    Category > 1       0.032      0.012      0.016      0.065
    Category > 2       0.017      0.009      0.006      0.046
 AUS5
    Category > 1       0.226      0.083      0.110      0.463
    Category > 2       0.106      0.034      0.057      0.197
 AUS6R
    Category > 1       0.048      0.022      0.019      0.120
    Category > 2       0.056      0.018      0.030      0.103

Latent Class 3 Compared to Latent Class 4

 SSAF2R
    Category > 1       0.133      0.095      0.033      0.543
    Category > 2       1.489      3.143      0.024     93.157
 SSAF4R
    Category > 1       0.115      0.082      0.028      0.468
    Category > 2       0.966      1.015      0.123      7.573
 SSAF7
    Category > 1       0.000      0.000      0.000      0.000
    Category > 2       0.125      0.081      0.035      0.443
 SSAF11
    Category > 1       0.000      0.000      0.000      0.000
    Category > 2       0.148      0.088      0.046      0.472
 AUS3
    Category > 1       0.041      0.034      0.008      0.205
    Category > 2       0.166      0.150      0.028      0.976
 AUS2R
    Category > 1       0.000      0.000      0.000      0.000
    Category > 2       0.000      0.000      0.000      0.000
 AUS5
    Category > 1       0.029      0.073      0.000      3.806
    Category > 2       0.277      0.137      0.105      0.728
 AUS6R
    Category > 1       0.266      0.178      0.072      0.986
    Category > 2       1.100      2.144      0.024     50.145

Latent Class 3 Compared to Latent Class 5

 SSAF2R
    Category > 1       0.259      0.169      0.072      0.932
    Category > 2       0.474      0.317      0.128      1.760
 SSAF4R
    Category > 1       0.441      0.255      0.142      1.367
    Category > 2       0.815      0.486      0.253      2.622
 SSAF7
    Category > 1       0.518      0.333      0.147      1.823
    Category > 2       0.573      0.296      0.208      1.575
 SSAF11
    Category > 1       0.392      0.237      0.120      1.281
    Category > 2       0.347      0.192      0.117      1.026
 AUS3
    Category > 1       0.007      0.008      0.001      0.071
    Category > 2       0.004      0.005      0.000      0.043
 AUS2R
    Category > 1       0.000      0.000      0.000      0.000
    Category > 2       0.000      0.000      0.000      0.000
 AUS5
    Category > 1       0.026      0.032      0.002      0.299
    Category > 2       0.030      0.024      0.006      0.145
 AUS6R
    Category > 1       0.038      0.023      0.011      0.125
    Category > 2       0.040      0.023      0.013      0.123

Latent Class 3 Compared to Latent Class 6

 SSAF2R
    Category > 1       0.007      0.004      0.002      0.024
    Category > 2       0.011      0.006      0.003      0.034
 SSAF4R
    Category > 1       0.000      0.000      0.000      0.000
    Category > 2       0.004      0.004      0.000      0.027
 SSAF7
    Category > 1       0.000      0.000      0.000      0.000
    Category > 2       0.000      0.000      0.000      0.000
 SSAF11
    Category > 1       0.006      0.009      0.000      0.110
    Category > 2       0.021      0.010      0.008      0.052
 AUS3
    Category > 1       0.002      0.002      0.000      0.014
    Category > 2       0.007      0.005      0.002      0.027
 AUS2R
    Category > 1       0.000      0.000      0.000      0.000
    Category > 2       0.000      0.000      0.000      0.000
 AUS5
    Category > 1       0.049      0.021      0.022      0.112
    Category > 2       0.042      0.018      0.019      0.097
 AUS6R
    Category > 1       0.010      0.006      0.004      0.031
    Category > 2       0.015      0.008      0.006      0.040

Latent Class 4 Compared to Latent Class 5

 SSAF2R
    Category > 1       1.949      1.787      0.323     11.751
    Category > 2       0.318      0.664      0.005     19.013
 SSAF4R
    Category > 1       3.821      3.379      0.675     21.626
    Category > 2       0.844      0.911      0.101      7.011
 SSAF7
    Category > 1   *********      0.000  *********  *********
    Category > 2       4.596      3.709      0.945     22.347
 SSAF11
    Category > 1   *********      0.000  *********  *********
    Category > 2       2.343      1.373      0.743      7.389
 AUS3
    Category > 1       0.178      0.220      0.016      2.013
    Category > 2       0.022      0.024      0.002      0.194
 AUS2R
    Category > 1       0.073      0.053      0.017      0.306
    Category > 2       0.016      0.020      0.001      0.199
 AUS5
    Category > 1       0.880      2.823      0.002    474.570
    Category > 2       0.108      0.092      0.020      0.579
 AUS6R
    Category > 1       0.142      0.115      0.029      0.694
    Category > 2       0.036      0.071      0.001      1.655

Latent Class 4 Compared to Latent Class 6

 SSAF2R
    Category > 1       0.056      0.041      0.013      0.237
    Category > 2       0.007      0.015      0.000      0.423
 SSAF4R
    Category > 1       0.000      0.000      0.000      0.000
    Category > 2       0.004      0.005      0.000      0.059
 SSAF7
    Category > 1       1.000      0.000      1.000      1.000
    Category > 2       0.000      0.000      0.000      0.000
 SSAF11
    Category > 1    8021.285      0.000   8021.285   8021.285
    Category > 2       0.139      0.073      0.050      0.389
 AUS3
    Category > 1       0.055      0.060      0.007      0.461
    Category > 2       0.042      0.030      0.010      0.173
 AUS2R
    Category > 1       0.056      0.031      0.019      0.167
    Category > 2       0.013      0.018      0.001      0.176
 AUS5
    Category > 1       1.685      4.066      0.015    190.943
    Category > 2       0.153      0.076      0.058      0.406
 AUS6R
    Category > 1       0.039      0.028      0.010      0.160
    Category > 2       0.014      0.026      0.000      0.605

Latent Class 5 Compared to Latent Class 6

 SSAF2R
    Category > 1       0.028      0.019      0.008      0.103
    Category > 2       0.023      0.012      0.008      0.065
 SSAF4R
    Category > 1       0.000      0.000      0.000      0.000
    Category > 2       0.004      0.004      0.001      0.031
 SSAF7
    Category > 1       0.000      0.000      0.000      0.000
    Category > 2       0.000      0.000      0.000      0.000
 SSAF11
    Category > 1       0.014      0.023      0.001      0.328
    Category > 2       0.059      0.029      0.023      0.152
 AUS3
    Category > 1       0.311      0.435      0.020      4.826
    Category > 2       1.922      2.184      0.207     17.824
 AUS2R
    Category > 1       0.768      0.520      0.204      2.894
    Category > 2       0.851      0.475      0.285      2.540
 AUS5
    Category > 1       1.915      2.481      0.151     24.251
    Category > 2       1.422      1.151      0.291      6.945
 AUS6R
    Category > 1       0.276      0.197      0.068      1.121
    Category > 2       0.377      0.180      0.148      0.959


RESIDUAL OUTPUT


     RESIDUAL OUTPUT IS NOT AVAILABLE FOR THIS MODEL.  ADDITIONAL OUTPUT FOR
     CATEGORICAL, COUNT, AND NOMINAL VARIABLES MAY BE AVAILABLE USING TECH10.


TECHNICAL 11 OUTPUT

     Random Starts Specifications for the k-1 Class Analysis Model
        Number of initial stage random starts                1000
        Number of final stage optimizations                   100



     VUONG-LO-MENDELL-RUBIN LIKELIHOOD RATIO TEST FOR 5 (H0) VERSUS 6 CLASSES

          H0 Loglikelihood Value                        -4768.098
          2 Times the Loglikelihood Difference             65.293
          Difference in the Number of Parameters               17
          Mean                                              0.699
          Standard Deviation                               69.432
          P-Value                                          0.1761

     LO-MENDELL-RUBIN ADJUSTED LRT TEST

          Value                                            64.727
          P-Value                                          0.1782


TECHNICAL 14 OUTPUT

     Random Starts Specifications for the k-1 Class Analysis Model
        Number of initial stage random starts                1000
        Number of final stage optimizations                   100

     Random Starts Specification for the k-1 Class Model for Generated Data
        Number of initial stage random starts                   0
        Number of final stage optimizations for the
           initial stage random starts                          0
     Random Starts Specification for the k Class Model for Generated Data
        Number of initial stage random starts                  40
        Number of final stage optimizations                     8
     Number of bootstrap draws requested                   Varies


     PARAMETRIC BOOTSTRAPPED LIKELIHOOD RATIO TEST FOR 5 (H0) VERSUS 6 CLASSES

          H0 Loglikelihood Value                        -4768.098
          2 Times the Loglikelihood Difference             65.293
          Difference in the Number of Parameters               17
          Approximate P-Value                              0.0000
          Successful Bootstrap Draws                           49

     WARNING:  OF THE 49 BOOTSTRAP DRAWS, 36 DRAWS HAD BOTH A SMALLER LRT VALUE THAN THE
     OBSERVED LRT VALUE AND NOT A REPLICATED BEST LOGLIKELIHOOD VALUE FOR THE 6-CLASS MODEL.
     THIS MEANS THAT THE P-VALUE MAY NOT BE TRUSTWORTHY DUE TO LOCAL MAXIMA.
     INCREASE THE NUMBER OF RANDOM STARTS USING THE LRTSTARTS OPTION.



PLOT INFORMATION

The following plots are available:

  Histograms (sample values)
  Scatterplots (sample values)
  Sample proportions and estimated probabilities

     Beginning Time:  19:41:24
        Ending Time:  19:41:53
       Elapsed Time:  00:00:29



MUTHEN & MUTHEN
3463 Stoner Ave.
Los Angeles, CA  90066

Tel: (310) 391-9971
Fax: (310) 391-8971
Web: www.StatModel.com
Support: Support@StatModel.com

Copyright (c) 1998-2024 Muthen & Muthen
